<?xml version="1.0" encoding="UTF-8"?>
<!-- Generated by org.testng.reporters.JUnitReportReporter -->
<testsuite skipped="0" hostname="DLLT-6523" name="testNGSessions.PriorityCase" tests="4" failures="0" timestamp="20 Jul 2020 17:28:08 GMT" time="0.023" errors="0">
  <testcase name="test4" time="0.002" classname="testNGSessions.PriorityCase"/>
  <testcase name="test2" time="0.001" classname="testNGSessions.PriorityCase"/>
  <testcase name="test1" time="0.015" classname="testNGSessions.PriorityCase"/>
  <testcase name="test3" time="0.005" classname="testNGSessions.PriorityCase"/>
</testsuite> <!-- testNGSessions.PriorityCase -->
