<?xml version="1.0" encoding="UTF-8"?>
<!-- Generated by org.testng.reporters.JUnitReportReporter -->
<testsuite skipped="0" hostname="DLLT-6523" name="testNGSessions.ExpectedExceptionConcept" tests="1" failures="0" timestamp="21 Jul 2020 04:47:25 GMT" time="0.011" errors="0">
  <testcase name="logintest" time="0.011" classname="testNGSessions.ExpectedExceptionConcept"/>
</testsuite> <!-- testNGSessions.ExpectedExceptionConcept -->
