<?xml version="1.0" encoding="UTF-8"?>
<!-- Generated by org.testng.reporters.JUnitReportReporter -->
<testsuite skipped="0" hostname="DLLT-6523" name="com.myTest.LoginPageTest" tests="1" failures="0" timestamp="21 Jul 2020 06:21:54 GMT" time="15.430" errors="0">
  <testcase name="getTitle" time="15.430" classname="com.myTest.LoginPageTest"/>
</testsuite> <!-- com.myTest.LoginPageTest -->
