<?xml version="1.0" encoding="UTF-8"?>
<!-- Generated by org.testng.reporters.JUnitReportReporter -->
<testsuite skipped="0" hostname="DLLT-6523" name="testNGSessions.InvocationCount" tests="5" failures="0" timestamp="21 Jul 2020 04:48:43 GMT" time="0.055" errors="0">
  <testcase name="logintest" time="0.011" classname="testNGSessions.InvocationCount"/>
  <testcase name="logintest" time="0.014" classname="testNGSessions.InvocationCount"/>
  <testcase name="logintest" time="0.003" classname="testNGSessions.InvocationCount"/>
  <testcase name="logintest" time="0.019" classname="testNGSessions.InvocationCount"/>
  <testcase name="logintest" time="0.008" classname="testNGSessions.InvocationCount"/>
</testsuite> <!-- testNGSessions.InvocationCount -->
